  Scene.cpp
c:\uni\games programming\graphicsprogramming\camera.h(43): warning C4305: 'initializing': truncation from 'double' to 'float'
c:\uni\games programming\graphicsprogramming\scene.h(64): warning C4305: 'initializing': truncation from 'double' to 'float'
c:\uni\games programming\graphicsprogramming\scene.cpp(210): warning C4305: 'argument': truncation from 'double' to 'GLfloat'
c:\uni\games programming\graphicsprogramming\scene.cpp(227): warning C4305: 'argument': truncation from 'double' to 'GLfloat'
c:\uni\games programming\graphicsprogramming\scene.cpp(255): warning C4305: 'argument': truncation from 'double' to 'GLfloat'
c:\uni\games programming\graphicsprogramming\scene.cpp(321): warning C4305: 'argument': truncation from 'double' to 'GLfloat'
c:\uni\games programming\graphicsprogramming\scene.cpp(345): warning C4305: 'argument': truncation from 'double' to 'GLfloat'
LINK : warning LNK4075: ignoring '/INCREMENTAL' due to '/LTCG' specification
SOIL.lib(SOIL.obj) : warning LNK4075: ignoring '/EDITANDCONTINUE' due to '/OPT:ICF' specification
LINK : warning LNK4098: defaultlib 'MSVCRTD' conflicts with use of other libs; use /NODEFAULTLIB:library
  Generating code
  2 of 260 functions ( 0.8%) were compiled, the rest were copied from previous compilation.
    0 functions were new in current compilation
    1 functions had inline decision re-evaluated but remain unchanged
  Finished generating code
SOIL.lib(image_DXT.obj) : warning LNK4099: PDB 'SOIL.pdb' was not found with 'SOIL.lib(image_DXT.obj)' or at 'C:\Uni\Games Programming\Release\SOIL.pdb'; linking object as if no debug info
SOIL.lib(image_helper.obj) : warning LNK4099: PDB 'SOIL.pdb' was not found with 'SOIL.lib(image_helper.obj)' or at 'C:\Uni\Games Programming\Release\SOIL.pdb'; linking object as if no debug info
SOIL.lib(SOIL.obj) : warning LNK4099: PDB 'SOIL.pdb' was not found with 'SOIL.lib(SOIL.obj)' or at 'C:\Uni\Games Programming\Release\SOIL.pdb'; linking object as if no debug info
SOIL.lib(stb_image_aug.obj) : warning LNK4099: PDB 'SOIL.pdb' was not found with 'SOIL.lib(stb_image_aug.obj)' or at 'C:\Uni\Games Programming\Release\SOIL.pdb'; linking object as if no debug info
  GraphicsProgramming.vcxproj -> C:\Uni\Games Programming\Release\GraphicsProgramming.exe
